<?xml version="1.0" encoding="UTF-8"?>
<testsuite hostname="DLLA15P3182" name="LearningBasics.Important.TestingPartOne" tests="1" failures="1" timestamp="17 Jan 2020 10:14:49 GMT" time="0.028" errors="0">
  <testcase name="Step01" time="0.008" classname="LearningBasics.Important.TestingPartOne">
    <failure type="java.lang.NullPointerException">
      <![CDATA[java.lang.NullPointerException
	at LearningBasics.Important.TestingPartOne.Step01(TestingPartOne.java:17)
	at org.apache.maven.surefire.testng.TestNGExecutor.run(TestNGExecutor.java:135)
	at org.apache.maven.surefire.testng.TestNGDirectoryTestSuite.executeSingleClass(TestNGDirectoryTestSuite.java:112)
	at org.apache.maven.surefire.testng.TestNGDirectoryTestSuite.execute(TestNGDirectoryTestSuite.java:99)
	at org.apache.maven.surefire.testng.TestNGProvider.invoke(TestNGProvider.java:146)
	at org.apache.maven.surefire.booter.ForkedBooter.invokeProviderInSameClassLoader(ForkedBooter.java:384)
	at org.apache.maven.surefire.booter.ForkedBooter.runSuitesInProcess(ForkedBooter.java:345)
	at org.apache.maven.surefire.booter.ForkedBooter.execute(ForkedBooter.java:126)
	at org.apache.maven.surefire.booter.ForkedBooter.main(ForkedBooter.java:418)
... Removed 22 stack frames]]>
    </failure>
  </testcase>
</testsuite>
