-------------------------------------------------------------------------------
Test set: LearningBasics.Important.TestingPartOne
-------------------------------------------------------------------------------
Tests run: 1, Failures: 1, Errors: 0, Skipped: 0, Time elapsed: 0.856 s <<< FAILURE! - in LearningBasics.Important.TestingPartOne
Step01(LearningBasics.Important.TestingPartOne)  Time elapsed: 0.018 s  <<< FAILURE!
java.lang.NullPointerException
	at LearningBasics.Important.TestingPartOne.Step01(TestingPartOne.java:17)

