<?xml version="1.0" encoding="UTF-8"?>
<testsuite xmlns:xsi="http://www.w3.org/2001/XMLSchema-instance" xsi:noNamespaceSchemaLocation="https://maven.apache.org/surefire/maven-surefire-plugin/xsd/surefire-test-report.xsd" name="LearningBasics.Important.TestingPartOne" time="0.856" tests="1" errors="0" skipped="0" failures="1">
  <properties>
[...]
</properties>
  <testcase name="Step01" classname="LearningBasics.Important.TestingPartOne" time="0.018">
    <failure type="java.lang.NullPointerException">java.lang.NullPointerException
	at LearningBasics.Important.TestingPartOne.Step01(TestingPartOne.java:17)
</failure>
  </testcase>
</testsuite>